This is pdfTeX, Version 3.141592653-2.6-1.40.24 (TeX Live 2022) (preloaded format=pdflatex 2022.9.16)  2 NOV 2022 10:51
entering extended mode
 restricted \write18 enabled.
 %&-line parsing enabled.
**thesis.tex
(./thesis.tex
LaTeX2e <2022-06-01> patch level 5
L3 programming layer <2022-08-30> (./eitthesis.cls
Document Class: eitthesis 10/08/2022 - EIT Thesis Style (v. 1.0.0), **Ayobami T
ewogbade**
(/usr/local/texlive/2022/texmf-dist/tex/latex/base/report.cls
Document Class: report 2021/10/04 v1.4n Standard LaTeX document class
(/usr/local/texlive/2022/texmf-dist/tex/latex/base/size12.clo
File: size12.clo 2021/10/04 v1.4n Standard LaTeX file (size option)
)
\c@part=\count185
\c@chapter=\count186
\c@section=\count187
\c@subsection=\count188
\c@subsubsection=\count189
\c@paragraph=\count190
\c@subparagraph=\count191
\c@figure=\count192
\c@table=\count193
\abovecaptionskip=\skip47
\belowcaptionskip=\skip48
\bibindent=\dimen138
) (./fancyhdr.sty
\fancy@headwidth=\skip49
\f@ncyO@elh=\skip50
\f@ncyO@erh=\skip51
\f@ncyO@olh=\skip52
\f@ncyO@orh=\skip53
\f@ncyO@elf=\skip54
\f@ncyO@erf=\skip55
\f@ncyO@olf=\skip56
\f@ncyO@orf=\skip57
) (./titlesec.sty
Package: titlesec 2011/08/28 v2.9.1 Sectioning titles
\ttl@box=\box51
\beforetitleunit=\skip58
\aftertitleunit=\skip59
\ttl@plus=\dimen139
\ttl@minus=\dimen140
\ttl@toksa=\toks16
\titlewidth=\dimen141
\titlewidthlast=\dimen142
\titlewidthfirst=\dimen143
) (./titletoc.sty
Package: titletoc 2011/08/28 v1.6 TOC entries
\ttl@leftsep=\dimen144
) (./natbib.sty
Package: natbib 2000/07/24 7.0a (PWD)
\bibhang=\skip60
\bibsep=\skip61
LaTeX Info: Redefining \cite on input line 531.
\c@NAT@ctr=\count194
)
(/usr/local/texlive/2022/texmf-dist/tex/latex/geometry/geometry.sty
Package: geometry 2020/01/02 v5.9 Page Geometry

(/usr/local/texlive/2022/texmf-dist/tex/latex/graphics/keyval.sty
Package: keyval 2022/05/29 v1.15 key=value parser (DPC)
\KV@toks@=\toks17
)
(/usr/local/texlive/2022/texmf-dist/tex/generic/iftex/ifvtex.sty
Package: ifvtex 2019/10/25 v1.7 ifvtex legacy package. Use iftex instead.

(/usr/local/texlive/2022/texmf-dist/tex/generic/iftex/iftex.sty
Package: iftex 2022/02/03 v1.0f TeX engine tests
))
\Gm@cnth=\count195
\Gm@cntv=\count196
\c@Gm@tempcnt=\count197
\Gm@bindingoffset=\dimen145
\Gm@wd@mp=\dimen146
\Gm@odd@mp=\dimen147
\Gm@even@mp=\dimen148
\Gm@layoutwidth=\dimen149
\Gm@layoutheight=\dimen150
\Gm@layouthoffset=\dimen151
\Gm@layoutvoffset=\dimen152
\Gm@dimlist=\toks18
)
\defbaselineskip=\skip62
\c@definition=\count198
)
(/usr/local/texlive/2022/texmf-dist/tex/latex/base/textcomp.sty
Package: textcomp 2020/02/02 v2.0n Standard LaTeX package
)
(/usr/local/texlive/2022/texmf-dist/tex/latex/placeins/placeins.sty
Package: placeins 2005/04/18  v 2.2
)
(/usr/local/texlive/2022/texmf-dist/tex/latex/psnfss/times.sty
Package: times 2020/03/25 PSNFSS-v9.3 (SPQR) 
)
(/usr/local/texlive/2022/texmf-dist/tex/latex/amsmath/amsmath.sty
Package: amsmath 2022/04/08 v2.17n AMS math features
\@mathmargin=\skip63

For additional information on amsmath, use the `?' option.
(/usr/local/texlive/2022/texmf-dist/tex/latex/amsmath/amstext.sty
Package: amstext 2021/08/26 v2.01 AMS text

(/usr/local/texlive/2022/texmf-dist/tex/latex/amsmath/amsgen.sty
File: amsgen.sty 1999/11/30 v2.0 generic functions
\@emptytoks=\toks19
\ex@=\dimen153
))
(/usr/local/texlive/2022/texmf-dist/tex/latex/amsmath/amsbsy.sty
Package: amsbsy 1999/11/29 v1.2d Bold Symbols
\pmbraise@=\dimen154
)
(/usr/local/texlive/2022/texmf-dist/tex/latex/amsmath/amsopn.sty
Package: amsopn 2022/04/08 v2.04 operator names
)
\inf@bad=\count199
LaTeX Info: Redefining \frac on input line 234.
\uproot@=\count266
\leftroot@=\count267
LaTeX Info: Redefining \overline on input line 399.
LaTeX Info: Redefining \colon on input line 410.
\classnum@=\count268
\DOTSCASE@=\count269
LaTeX Info: Redefining \ldots on input line 496.
LaTeX Info: Redefining \dots on input line 499.
LaTeX Info: Redefining \cdots on input line 620.
\Mathstrutbox@=\box52
\strutbox@=\box53
LaTeX Info: Redefining \big on input line 722.
LaTeX Info: Redefining \Big on input line 723.
LaTeX Info: Redefining \bigg on input line 724.
LaTeX Info: Redefining \Bigg on input line 725.
\big@size=\dimen155
LaTeX Font Info:    Redeclaring font encoding OML on input line 743.
LaTeX Font Info:    Redeclaring font encoding OMS on input line 744.
\macc@depth=\count270
LaTeX Info: Redefining \bmod on input line 905.
LaTeX Info: Redefining \pmod on input line 910.
LaTeX Info: Redefining \smash on input line 940.
LaTeX Info: Redefining \relbar on input line 970.
LaTeX Info: Redefining \Relbar on input line 971.
\c@MaxMatrixCols=\count271
\dotsspace@=\muskip16
\c@parentequation=\count272
\dspbrk@lvl=\count273
\tag@help=\toks20
\row@=\count274
\column@=\count275
\maxfields@=\count276
\andhelp@=\toks21
\eqnshift@=\dimen156
\alignsep@=\dimen157
\tagshift@=\dimen158
\tagwidth@=\dimen159
\totwidth@=\dimen160
\lineht@=\dimen161
\@envbody=\toks22
\multlinegap=\skip64
\multlinetaggap=\skip65
\mathdisplay@stack=\toks23
LaTeX Info: Redefining \[ on input line 2953.
LaTeX Info: Redefining \] on input line 2954.
)
(/usr/local/texlive/2022/texmf-dist/tex/latex/graphics/rotating.sty
Package: rotating 2016/08/11 v2.16d rotated objects in LaTeX

(/usr/local/texlive/2022/texmf-dist/tex/latex/graphics/graphicx.sty
Package: graphicx 2021/09/16 v1.2d Enhanced LaTeX Graphics (DPC,SPQR)

(/usr/local/texlive/2022/texmf-dist/tex/latex/graphics/graphics.sty
Package: graphics 2022/03/10 v1.4e Standard LaTeX Graphics (DPC,SPQR)

(/usr/local/texlive/2022/texmf-dist/tex/latex/graphics/trig.sty
Package: trig 2021/08/11 v1.11 sin cos tan (DPC)
)
(/usr/local/texlive/2022/texmf-dist/tex/latex/graphics-cfg/graphics.cfg
File: graphics.cfg 2016/06/04 v1.11 sample graphics configuration
)
Package graphics Info: Driver file: pdftex.def on input line 107.

(/usr/local/texlive/2022/texmf-dist/tex/latex/graphics-def/pdftex.def
File: pdftex.def 2020/10/05 v1.2a Graphics/color driver for pdftex
))
\Gin@req@height=\dimen162
\Gin@req@width=\dimen163
)
(/usr/local/texlive/2022/texmf-dist/tex/latex/base/ifthen.sty
Package: ifthen 2022/04/13 v1.1d Standard LaTeX ifthen package (DPC)
)
\c@r@tfl@t=\count277
\rotFPtop=\skip66
\rotFPbot=\skip67
\rot@float@box=\box54
\rot@mess@toks=\toks24
)
(/usr/local/texlive/2022/texmf-dist/tex/latex/algorithm2e/algorithm2e.sty
Package: algorithm2e 2017/07/18 v5.2 algorithms environments
\c@AlgoLine=\count278
\algocf@hangindent=\skip68

(/usr/local/texlive/2022/texmf-dist/tex/latex/ifoddpage/ifoddpage.sty
Package: ifoddpage 2016/04/23 v1.1 Conditionals for odd/even page detection
\c@checkoddpage=\count279
)
(/usr/local/texlive/2022/texmf-dist/tex/latex/tools/xspace.sty
Package: xspace 2014/10/28 v1.13 Space after command names (DPC,MH)
)
(/usr/local/texlive/2022/texmf-dist/tex/latex/relsize/relsize.sty
Package: relsize 2013/03/29 ver 4.1
)
\skiptotal=\skip69
\skiplinenumber=\skip70
\skiprule=\skip71
\skiphlne=\skip72
\skiptext=\skip73
\skiplength=\skip74
\algomargin=\skip75
\skipalgocfslide=\skip76
\algowidth=\dimen164
\inoutsize=\dimen165
\inoutindent=\dimen166
\interspacetitleruled=\dimen167
\interspacealgoruled=\dimen168
\interspacetitleboxruled=\dimen169
\algocf@ruledwidth=\skip77
\algocf@inoutbox=\box55
\algocf@inputbox=\box56
\AlCapSkip=\skip78
\AlCapHSkip=\skip79
\algoskipindent=\skip80
\algocf@nlbox=\box57
\algocf@hangingbox=\box58
\algocf@untilbox=\box59
\algocf@skipuntil=\skip81
\algocf@capbox=\box60
\algocf@lcaptionbox=\skip82
\algoheightruledefault=\skip83
\algoheightrule=\skip84
\algotitleheightruledefault=\skip85
\algotitleheightrule=\skip86
\c@algocfline=\count280
\c@algocfproc=\count281
\c@algocf=\count282
\algocf@algoframe=\box61
\algocf@algobox=\box62
)
LaTeX Font Info:    Trying to load font information for OT1+ptm on input line 5
8.

(/usr/local/texlive/2022/texmf-dist/tex/latex/psnfss/ot1ptm.fd
File: ot1ptm.fd 2001/06/04 font definitions for OT1/ptm.
)
(/usr/local/texlive/2022/texmf-dist/tex/latex/l3backend/l3backend-pdftex.def
File: l3backend-pdftex.def 2022-08-30 L3 backend support: PDF output (pdfTeX)
\l__color_backend_stack_int=\count283
\l__pdf_internal_box=\box63
)
(./thesis.aux)
\openout1 = `thesis.aux'.

LaTeX Font Info:    Checking defaults for OML/cmm/m/it on input line 58.
LaTeX Font Info:    ... okay on input line 58.
LaTeX Font Info:    Checking defaults for OMS/cmsy/m/n on input line 58.
LaTeX Font Info:    ... okay on input line 58.
LaTeX Font Info:    Checking defaults for OT1/cmr/m/n on input line 58.
LaTeX Font Info:    ... okay on input line 58.
LaTeX Font Info:    Checking defaults for T1/cmr/m/n on input line 58.
LaTeX Font Info:    ... okay on input line 58.
LaTeX Font Info:    Checking defaults for TS1/cmr/m/n on input line 58.
LaTeX Font Info:    ... okay on input line 58.
LaTeX Font Info:    Checking defaults for OMX/cmex/m/n on input line 58.
LaTeX Font Info:    ... okay on input line 58.
LaTeX Font Info:    Checking defaults for U/cmr/m/n on input line 58.
LaTeX Font Info:    ... okay on input line 58.

*geometry* driver: auto-detecting
*geometry* detected driver: pdftex
*geometry* verbose mode - [ preamble ] result:
* driver: pdftex
* paper: a4paper
* layout: <same size as paper>
* layoutoffset:(h,v)=(0.0pt,0.0pt)
* modes: 
* h-part:(L,W,R)=(108.405pt, 416.83289pt, 72.26999pt)
* v-part:(T,H,B)=(72.26999pt, 700.50687pt, 72.26999pt)
* \paperwidth=597.50787pt
* \paperheight=845.04684pt
* \textwidth=416.83289pt
* \textheight=700.50687pt
* \oddsidemargin=36.13501pt
* \evensidemargin=36.13501pt
* \topmargin=-37.0pt
* \headheight=12.0pt
* \headsep=25.0pt
* \topskip=12.0pt
* \footskip=30.0pt
* \marginparwidth=35.0pt
* \marginparsep=10.0pt
* \columnsep=10.0pt
* \skip\footins=10.8pt plus 4.0pt minus 2.0pt
* \hoffset=0.0pt
* \voffset=0.0pt
* \mag=1000
* \@twocolumnfalse
* \@twosidefalse
* \@mparswitchfalse
* \@reversemarginfalse
* (1in=72.27pt=25.4mm, 1cm=28.453pt)

(./supp-pdf.mkii
[Loading MPS to PDF converter (version 2006.09.02).]
\scratchcounter=\count284
\scratchdimen=\dimen170
\scratchbox=\box64
\nofMPsegments=\count285
\nofMParguments=\count286
\everyMPshowfont=\toks25
\MPscratchCnt=\count287
\MPscratchDim=\dimen171
\MPnumerator=\count288
\makeMPintoPDFobject=\count289
\everyMPtoPDFconversion=\toks26
) (/usr/local/texlive/2022/texmf-dist/tex/latex/epstopdf-pkg/epstopdf-base.sty
Package: epstopdf-base 2020-01-24 v2.11 Base part for package epstopdf
Package epstopdf-base Info: Redefining graphics rule for `.eps' on input line 4
85.

(/usr/local/texlive/2022/texmf-dist/tex/latex/latexconfig/epstopdf-sys.cfg
File: epstopdf-sys.cfg 2010/07/13 v1.3 Configuration of (r)epstopdf for TeX Liv
e
))
<logo.png, id=1, 222.8325pt x 200.75pt>
File: logo.png Graphic file (type png)
<use logo.png>
Package pdftex.def Info: logo.png  used on input line 59.
(pdftex.def)             Requested size: 222.83195pt x 200.7495pt.

preparing prefatory section
[1

{/usr/local/texlive/2022/texmf-var/fonts/map/pdftex/updmap/pdftex.map} <./logo.
png>]
Overfull \hbox (40.72763pt too wide) detected at line 59
\OT1/ptm/b/n/12 Author:
 []


Overfull \hbox (27.77957pt too wide) detected at line 59
\OT1/ptm/b/n/12 Title:
 []


Overfull \hbox (39.75569pt too wide) detected at line 59
\OT1/ptm/b/n/12 Degree:
 []


Overfull \hbox (27.98376pt too wide) detected at line 59
\OT1/ptm/b/n/12 Year:
 []


Underfull \hbox (badness 10000) in paragraph at lines 59--59

 []

[2]
Overfull \hbox (29.03297pt too wide) in paragraph at lines 59--59
[][] 
 []

(./acknowledgement.tex [3]) [4

] (./thesis.toc [5

])
\tf@toc=\write3
\openout3 = `thesis.toc'.

 [6] (./thesis.lot)
\tf@lot=\write4
\openout4 = `thesis.lot'.

 [7

]
(./thesis.lof)
\tf@lof=\write5
\openout5 = `thesis.lof'.

 (./abstract.tex [8

]
Underfull \hbox (badness 10000) in paragraph at lines 2--7

 []

) (./Chapter1.tex [9

]
CHAPTER 1.
[1

]
Overfull \hbox (15.13051pt too wide) in paragraph at lines 24--27
[][] 
 []


Package Fancyhdr Warning: \headheight is too small (12.0pt): 
 Make it at least 14.49998pt.
 We now make it that large for the rest of the document.
 This may cause the page layout to be inconsistent, however.

[2] [3]) (./Chapter2.tex [4]
CHAPTER 2.
[5

]
LaTeX Font Info:    Trying to load font information for TS1+ptm on input line 3
4.
 (/usr/local/texlive/2022/texmf-dist/tex/latex/psnfss/ts1ptm.fd
File: ts1ptm.fd 2001/06/04 font definitions for TS1/ptm.
) [6]
Underfull \hbox (badness 1052) in paragraph at lines 60--60
\OT1/ptm/m/n/12 Bi-nary coded), key de-ter-mi-na-tion, in-dex-ing pro-ce-dure,
 []

[7] [8]) (./Chapter3.tex [9]
CHAPTER 3.
<HardWareSpec.jpg, id=69, 883.3pt x 228.855pt>
File: HardWareSpec.jpg Graphic file (type jpg)
<use HardWareSpec.jpg>
Package pdftex.def Info: HardWareSpec.jpg  used on input line 16.
(pdftex.def)             Requested size: 423.97919pt x 109.84914pt.

Overfull \hbox (13.94629pt too wide) in paragraph at lines 16--17
 [][] 
 []

<Example-ofuse-case-diagram.jpg, id=70, 642.4pt x 642.4pt>
File: Example-ofuse-case-diagram.jpg Graphic file (type jpg)
<use Example-ofuse-case-diagram.jpg>
Package pdftex.def Info: Example-ofuse-case-diagram.jpg  used on input line 25.

(pdftex.def)             Requested size: 385.44298pt x 385.44298pt.

LaTeX Warning: `!h' float specifier changed to `!ht'.

[10

 <./HardWareSpec.jpg>]

LaTeX Warning: `!h' float specifier changed to `!ht'.

[11 <./Example-ofuse-case-diagram.jpg>] [12]

pdfTeX warning: /Library/TeX/texbin/pdflatex (file ./tree3.pdf): PDF inclusion:
 found PDF version <1.7>, but at most version <1.5> allowed
<tree3.pdf, id=85, 563.94693pt x 260.17201pt>
File: tree3.pdf Graphic file (type pdf)
<use tree3.pdf>
Package pdftex.def Info: tree3.pdf  used on input line 115.
(pdftex.def)             Requested size: 394.76016pt x 182.11914pt.
[13 <./tree3.pdf>]
<class-diagram.png, id=101, 1193.45876pt x 749.80125pt>
File: class-diagram.png Graphic file (type png)
<use class-diagram.png>
Package pdftex.def Info: class-diagram.png  used on input line 188.
(pdftex.def)             Requested size: 1193.45584pt x 749.79942pt.


LaTeX Warning: `!h' float specifier changed to `!ht'.



pdfTeX warning: /Library/TeX/texbin/pdflatex (file ./pda.pdf): PDF inclusion: f
ound PDF version <1.6>, but at most version <1.5> allowed
<pda.pdf, id=102, 585.17621pt x 465.42883pt>
File: pda.pdf Graphic file (type pdf)
<use pda.pdf>
Package pdftex.def Info: pda.pdf  used on input line 199.
(pdftex.def)             Requested size: 409.62054pt x 325.79796pt.

LaTeX Warning: `!h' float specifier changed to `!ht'.

<flowchart-fig2.jpg, id=103, 360.34625pt x 600.2425pt>
File: flowchart-fig2.jpg Graphic file (type jpg)
<use flowchart-fig2.jpg>
Package pdftex.def Info: flowchart-fig2.jpg  used on input line 210.
(pdftex.def)             Requested size: 288.27739pt x 480.19464pt.
<blockDiagram.png, id=104, 491.8375pt x 286.06876pt>
File: blockDiagram.png Graphic file (type png)
<use blockDiagram.png>
Package pdftex.def Info: blockDiagram.png  used on input line 220.
(pdftex.def)             Requested size: 295.10477pt x 171.64258pt.

LaTeX Warning: `!h' float specifier changed to `!ht'.

[14] [15] [16 <./class-diagram.png>] [17 <./pda.pdf>] [18 <./flowchart-fig2.jpg
>] [19 <./blockDiagram.png>]

pdfTeX warning: /Library/TeX/texbin/pdflatex (file ./dict2.pdf): PDF inclusion:
 found PDF version <1.6>, but at most version <1.5> allowed
<dict2.pdf, id=129, 412.60147pt x 359.14174pt>
File: dict2.pdf Graphic file (type pdf)
<use dict2.pdf>
Package pdftex.def Info: dict2.pdf  used on input line 231.
(pdftex.def)             Requested size: 330.0816pt x 287.31377pt.
<Breadboard-Design-by-2.png, id=130, 758.835pt x 433.62pt>
File: Breadboard-Design-by-2.png Graphic file (type png)
<use Breadboard-Design-by-2.png>
Package pdftex.def Info: Breadboard-Design-by-2.png  used on input line 242.
(pdftex.def)             Requested size: 379.41658pt x 216.80946pt.

LaTeX Warning: `!h' float specifier changed to `!ht'.

[20

 <./dict2.pdf>]) (./Chapter4.tex [21 <./Breadboard-Design-by-2.png>]
CHAPTER 4.
[22

]) (./Chapter5.tex [23]
CHAPTER 5.
) (./thesis.bbl [24

] [25

]) (./AppendixE.tex [26]
APPENDIX A.
Package textcomp Info: Symbol \textnaira not provided by
(textcomp)             font family ptm in TS1 encoding.
(textcomp)             Default family used instead on input line 14.

Overfull \hbox (21.23727pt too wide) in paragraph at lines 8--23
 [][] 
 []


LaTeX Warning: `!h' float specifier changed to `!ht'.

) (./AppendixA.tex [27

] [28]
APPENDIX B.
) (./AppendixB.tex [29

]
APPENDIX C.
) (./AppendixC.tex [30

]
APPENDIX D.
) (./AppendixD.tex [31

]
APPENDIX E.

Overfull \hbox (16.58876pt too wide) in paragraph at lines 3--5
\OT1/ptm/m/n/14.4 Prob-lem ad-dressed, (4) Method-ol-ogy, (5) Re-sult, and (6) 
Com-ment/Remark.
 []


Overfull \hbox (1.70164pt too wide) in paragraph at lines 10--10
[]\OT1/ptm/m/n/12 Ser.No| 
 []


Underfull \hbox (badness 1205) in paragraph at lines 11--11
\OT1/ptm/m/n/12 for an-i-mat-ing folk-
 []


Underfull \hbox (badness 6592) in paragraph at lines 11--11
\OT1/ptm/m/n/12 tion us-ing story work-
 []


Overfull \hbox (14.52556pt too wide) in paragraph at lines 9--14
[][]
 []

) [32

] [33] (./thesis.aux) ) 
Here is how much of TeX's memory you used:
 5104 strings out of 475075
 79856 string characters out of 5779003
 443826 words of memory out of 5000000
 26394 multiletter control sequences out of 15000+600000
 496131 words of font info for 82 fonts, out of 8000000 for 9000
 1141 hyphenation exceptions out of 8191
 70i,16n,76p,753b,583s stack positions out of 10000i,1000n,20000p,200000b,200000s
{/usr/local/texlive/2022/texmf-dist/fonts/enc/dvips/cm-s
uper/cm-super-ts1.enc}{/usr/local/texlive/2022/texmf-dist/fonts/enc/dvips/base/
8r.enc}</usr/local/texlive/2022/texmf-dist/fonts/type1/public/amsfonts/cm/cmbx1
2.pfb></usr/local/texlive/2022/texmf-dist/fonts/type1/public/amsfonts/cm/cmex10
.pfb></usr/local/texlive/2022/texmf-dist/fonts/type1/public/amsfonts/cm/cmmi10.
pfb></usr/local/texlive/2022/texmf-dist/fonts/type1/public/amsfonts/cm/cmmi12.p
fb></usr/local/texlive/2022/texmf-dist/fonts/type1/public/amsfonts/cm/cmmi8.pfb
></usr/local/texlive/2022/texmf-dist/fonts/type1/public/amsfonts/cm/cmr10.pfb><
/usr/local/texlive/2022/texmf-dist/fonts/type1/public/amsfonts/cm/cmr12.pfb></u
sr/local/texlive/2022/texmf-dist/fonts/type1/public/amsfonts/cm/cmr8.pfb></usr/
local/texlive/2022/texmf-dist/fonts/type1/public/amsfonts/cm/cmsy10.pfb></usr/l
ocal/texlive/2022/texmf-dist/fonts/type1/public/cm-super/sfrm1200.pfb></usr/loc
al/texlive/2022/texmf-dist/fonts/type1/urw/times/utmb8a.pfb></usr/local/texlive
/2022/texmf-dist/fonts/type1/urw/times/utmr8a.pfb></usr/local/texlive/2022/texm
f-dist/fonts/type1/urw/times/utmri8a.pfb>
Output written on thesis.pdf (42 pages, 1634858 bytes).
PDF statistics:
 239 PDF objects out of 1000 (max. 8388607)
 143 compressed objects within 2 object streams
 0 named destinations out of 1000 (max. 500000)
 51 words of extra memory for PDF output out of 10000 (max. 10000000)

